Started GET "/" for 127.0.0.1 at 2021-05-29 19:19:26 +0900
  [1m[35m (1.8ms)[0m  [1m[34mSELECT sqlite_version(*)[0m
Processing by Rails::WelcomeController#index as HTML
  Rendering /Users/sarchoi/.rbenv/versions/2.6.7/lib/ruby/gems/2.6.0/gems/railties-6.1.3.2/lib/rails/templates/rails/welcome/index.html.erb
  Rendered /Users/sarchoi/.rbenv/versions/2.6.7/lib/ruby/gems/2.6.0/gems/railties-6.1.3.2/lib/rails/templates/rails/welcome/index.html.erb (Duration: 11.2ms | Allocations: 525)
Completed 200 OK in 38ms (Views: 16.7ms | ActiveRecord: 0.0ms | Allocations: 6153)


Started GET "/" for 127.0.0.1 at 2021-05-29 20:24:30 +0900
  [1m[35m (0.9ms)[0m  [1m[34mSELECT sqlite_version(*)[0m
Processing by MainController#index as HTML
  Rendering layout layouts/application.html.erb
  Rendering main/index.html.erb within layouts/application
  Rendered main/index.html.erb within layouts/application (Duration: 3.5ms | Allocations: 1780)
[Webpacker] Compiling...
[Webpacker] Compiled all packs in /goinfre/sarchoi/42Cursus/proj/piscine-ruby_on_rails/day04/ex00/CheatSheet/public/packs
[Webpacker] Though the "loose" option was set to "false" in your @babel/preset-env config, it will not be used for @babel/plugin-proposal-private-methods since the "loose" mode option was set to "true" for @babel/plugin-proposal-class-properties.
The "loose" option must be the same for @babel/plugin-proposal-class-properties, @babel/plugin-proposal-private-methods and @babel/plugin-proposal-private-property-in-object (when they are enabled): you can silence this warning by explicitly adding
	["@babel/plugin-proposal-private-methods", { "loose": true }]
to the "plugins" section of your Babel config.
Though the "loose" option was set to "false" in your @babel/preset-env config, it will not be used for @babel/plugin-proposal-private-methods since the "loose" mode option was set to "true" for @babel/plugin-proposal-class-properties.
The "loose" option must be the same for @babel/plugin-proposal-class-properties, @babel/plugin-proposal-private-methods and @babel/plugin-proposal-private-property-in-object (when they are enabled): you can silence this warning by explicitly adding
	["@babel/plugin-proposal-private-methods", { "loose": true }]
to the "plugins" section of your Babel config.
Though the "loose" option was set to "false" in your @babel/preset-env config, it will not be used for @babel/plugin-proposal-private-methods since the "loose" mode option was set to "true" for @babel/plugin-proposal-class-properties.
The "loose" option must be the same for @babel/plugin-proposal-class-properties, @babel/plugin-proposal-private-methods and @babel/plugin-proposal-private-property-in-object (when they are enabled): you can silence this warning by explicitly adding
	["@babel/plugin-proposal-private-methods", { "loose": true }]
to the "plugins" section of your Babel config.
Though the "loose" option was set to "false" in your @babel/preset-env config, it will not be used for @babel/plugin-proposal-private-methods since the "loose" mode option was set to "true" for @babel/plugin-proposal-class-properties.
The "loose" option must be the same for @babel/plugin-proposal-class-properties, @babel/plugin-proposal-private-methods and @babel/plugin-proposal-private-property-in-object (when they are enabled): you can silence this warning by explicitly adding
	["@babel/plugin-proposal-private-methods", { "loose": true }]
to the "plugins" section of your Babel config.
Though the "loose" option was set to "false" in your @babel/preset-env config, it will not be used for @babel/plugin-proposal-private-methods since the "loose" mode option was set to "true" for @babel/plugin-proposal-class-properties.
The "loose" option must be the same for @babel/plugin-proposal-class-properties, @babel/plugin-proposal-private-methods and @babel/plugin-proposal-private-property-in-object (when they are enabled): you can silence this warning by explicitly adding
	["@babel/plugin-proposal-private-methods", { "loose": true }]
to the "plugins" section of your Babel config.
Though the "loose" option was set to "false" in your @babel/preset-env config, it will not be used for @babel/plugin-proposal-private-methods since the "loose" mode option was set to "true" for @babel/plugin-proposal-class-properties.
The "loose" option must be the same for @babel/plugin-proposal-class-properties, @babel/plugin-proposal-private-methods and @babel/plugin-proposal-private-property-in-object (when they are enabled): you can silence this warning by explicitly adding
	["@babel/plugin-proposal-private-methods", { "loose": true }]
to the "plugins" section of your Babel config.

[Webpacker] Hash: e332c6419728fac579d5
Version: webpack 4.46.0
Time: 1242ms
Built at: 2021. 05. 29. 오후 8:24:34
                                     Asset       Size       Chunks                         Chunk Names
    js/application-f826770d917d8a37c1d8.js    125 KiB  application  [emitted] [immutable]  application
js/application-f826770d917d8a37c1d8.js.map    139 KiB  application  [emitted] [dev]        application
                             manifest.json  364 bytes               [emitted]              
Entrypoint application = js/application-f826770d917d8a37c1d8.js js/application-f826770d917d8a37c1d8.js.map
[./app/javascript/channels sync recursive _channel\.js$] ./app/javascript/channels sync _channel\.js$ 160 bytes {application} [built]
[./app/javascript/channels/index.js] 211 bytes {application} [built]
[./app/javascript/packs/application.js] 492 bytes {application} [built]
[./node_modules/webpack/buildin/module.js] (webpack)/buildin/module.js 552 bytes {application} [built]
    + 3 hidden modules

  Rendered layout layouts/application.html.erb (Duration: 4369.8ms | Allocations: 107812)
Completed 200 OK in 4389ms (Views: 4374.2ms | ActiveRecord: 0.0ms | Allocations: 110532)


Started GET "/javascripts/bootstrap.js" for 127.0.0.1 at 2021-05-29 20:24:35 +0900
  
ActionController::RoutingError (No route matches [GET] "/javascripts/bootstrap.js"):
  
Started GET "/" for 127.0.0.1 at 2021-05-29 20:39:00 +0900
Processing by MainController#index as HTML
  Rendering layout layouts/application.html.erb
  Rendering main/index.html.erb within layouts/application
  Rendered main/index.html.erb within layouts/application (Duration: 2.6ms | Allocations: 1621)
[Webpacker] Everything's up-to-date. Nothing to do
  Rendered layout layouts/application.html.erb (Duration: 17.6ms | Allocations: 9517)
Completed 200 OK in 21ms (Views: 19.9ms | Allocations: 10744)


Started GET "/" for 127.0.0.1 at 2021-05-29 20:40:12 +0900
Processing by MainController#index as HTML
  Rendering layout layouts/application.html.erb
  Rendering main/index.html.erb within layouts/application
  Rendered main/index.html.erb within layouts/application (Duration: 0.2ms | Allocations: 40)
[Webpacker] Everything's up-to-date. Nothing to do
  Rendered layout layouts/application.html.erb (Duration: 27.9ms | Allocations: 7700)
Completed 200 OK in 29ms (Views: 28.6ms | Allocations: 8107)


Started GET "/" for 127.0.0.1 at 2021-05-29 20:40:13 +0900
Processing by MainController#index as HTML
  Rendering layout layouts/application.html.erb
  Rendering main/index.html.erb within layouts/application
  Rendered main/index.html.erb within layouts/application (Duration: 0.1ms | Allocations: 40)
[Webpacker] Everything's up-to-date. Nothing to do
  Rendered layout layouts/application.html.erb (Duration: 14.9ms | Allocations: 7700)
Completed 200 OK in 17ms (Views: 15.9ms | Allocations: 8107)


Started GET "/" for 127.0.0.1 at 2021-05-29 20:40:14 +0900
Processing by MainController#index as HTML
  Rendering layout layouts/application.html.erb
  Rendering main/index.html.erb within layouts/application
  Rendered main/index.html.erb within layouts/application (Duration: 0.1ms | Allocations: 40)
[Webpacker] Everything's up-to-date. Nothing to do
  Rendered layout layouts/application.html.erb (Duration: 15.4ms | Allocations: 7699)
Completed 200 OK in 17ms (Views: 16.1ms | Allocations: 8104)


Started GET "/" for 127.0.0.1 at 2021-05-29 20:44:41 +0900
Processing by MainController#index as HTML
  Rendering layout layouts/application.html.erb
  Rendering main/index.html.erb within layouts/application
  Rendered main/index.html.erb within layouts/application (Duration: 0.2ms | Allocations: 40)
[Webpacker] Everything's up-to-date. Nothing to do
  Rendered layout layouts/application.html.erb (Duration: 473.0ms | Allocations: 81135)
Completed 200 OK in 474ms (Views: 473.7ms | Allocations: 81543)


Started GET "/" for 127.0.0.1 at 2021-05-29 20:45:21 +0900
Processing by MainController#index as HTML
  Rendering layout layouts/application.html.erb
  Rendering main/index.html.erb within layouts/application
  Rendered main/index.html.erb within layouts/application (Duration: 0.1ms | Allocations: 40)
[Webpacker] Everything's up-to-date. Nothing to do
  Rendered layout layouts/application.html.erb (Duration: 438.7ms | Allocations: 80671)
Completed 200 OK in 441ms (Views: 440.5ms | Allocations: 81078)


Started GET "/" for 127.0.0.1 at 2021-05-29 20:45:42 +0900
Processing by MainController#index as HTML
  Rendering layout layouts/application.html.erb
  Rendering main/index.html.erb within layouts/application
  Rendered main/index.html.erb within layouts/application (Duration: 0.1ms | Allocations: 40)
[Webpacker] Everything's up-to-date. Nothing to do
  Rendered layout layouts/application.html.erb (Duration: 376.4ms | Allocations: 82070)
Completed 200 OK in 378ms (Views: 377.1ms | Allocations: 82475)


Started GET "/" for 127.0.0.1 at 2021-05-29 20:45:43 +0900
Processing by MainController#index as HTML
  Rendering layout layouts/application.html.erb
  Rendering main/index.html.erb within layouts/application
  Rendered main/index.html.erb within layouts/application (Duration: 0.1ms | Allocations: 40)
[Webpacker] Everything's up-to-date. Nothing to do
  Rendered layout layouts/application.html.erb (Duration: 15.3ms | Allocations: 7699)
Completed 200 OK in 17ms (Views: 16.1ms | Allocations: 8104)


Started GET "/" for 127.0.0.1 at 2021-05-29 20:50:25 +0900
Processing by MainController#index as HTML
  Rendering layout layouts/application.html.erb
  Rendering main/index.html.erb within layouts/application
  Rendered main/index.html.erb within layouts/application (Duration: 0.1ms | Allocations: 40)
[Webpacker] Everything's up-to-date. Nothing to do
  Rendered layout layouts/application.html.erb (Duration: 397.5ms | Allocations: 82601)
Completed 200 OK in 399ms (Views: 398.1ms | Allocations: 83006)


Started GET "/" for 127.0.0.1 at 2021-05-29 20:50:46 +0900
Processing by MainController#index as HTML
  Rendering layout layouts/application.html.erb
  Rendering main/index.html.erb within layouts/application
  Rendered main/index.html.erb within layouts/application (Duration: 0.1ms | Allocations: 40)
[Webpacker] Everything's up-to-date. Nothing to do
  Rendered layout layouts/application.html.erb (Duration: 397.8ms | Allocations: 81645)
Completed 200 OK in 399ms (Views: 398.4ms | Allocations: 82050)


Started GET "/" for 127.0.0.1 at 2021-05-29 20:50:48 +0900
Processing by MainController#index as HTML
  Rendering layout layouts/application.html.erb
  Rendering main/index.html.erb within layouts/application
  Rendered main/index.html.erb within layouts/application (Duration: 0.1ms | Allocations: 40)
[Webpacker] Everything's up-to-date. Nothing to do
  Rendered layout layouts/application.html.erb (Duration: 14.5ms | Allocations: 7699)
Completed 200 OK in 16ms (Views: 15.5ms | Allocations: 8104)


Started GET "/" for 127.0.0.1 at 2021-05-29 20:51:04 +0900
Processing by MainController#index as HTML
  Rendering layout layouts/application.html.erb
  Rendering main/index.html.erb within layouts/application
  Rendered main/index.html.erb within layouts/application (Duration: 0.1ms | Allocations: 40)
[Webpacker] Everything's up-to-date. Nothing to do
  Rendered layout layouts/application.html.erb (Duration: 443.2ms | Allocations: 81218)
Completed 200 OK in 444ms (Views: 443.8ms | Allocations: 81623)


Started GET "/" for 127.0.0.1 at 2021-05-29 20:51:50 +0900
Processing by MainController#index as HTML
  Rendering layout layouts/application.html.erb
  Rendering main/index.html.erb within layouts/application
  Rendered main/index.html.erb within layouts/application (Duration: 0.1ms | Allocations: 40)
[Webpacker] Everything's up-to-date. Nothing to do
  Rendered layout layouts/application.html.erb (Duration: 378.2ms | Allocations: 81636)
Completed 200 OK in 379ms (Views: 378.8ms | Allocations: 82041)


Started GET "/" for 127.0.0.1 at 2021-05-29 20:54:15 +0900
Processing by MainController#index as HTML
  Rendering layout layouts/application.html.erb
  Rendering main/index.html.erb within layouts/application
  Rendered main/index.html.erb within layouts/application (Duration: 0.1ms | Allocations: 40)
[Webpacker] Everything's up-to-date. Nothing to do
  Rendered layout layouts/application.html.erb (Duration: 407.3ms | Allocations: 82140)
Completed 200 OK in 409ms (Views: 407.9ms | Allocations: 82545)


Started GET "/" for 127.0.0.1 at 2021-05-29 20:54:27 +0900
Processing by MainController#index as HTML
  Rendering layout layouts/application.html.erb
  Rendering main/index.html.erb within layouts/application
  Rendered main/index.html.erb within layouts/application (Duration: 0.1ms | Allocations: 40)
[Webpacker] Everything's up-to-date. Nothing to do
  Rendered layout layouts/application.html.erb (Duration: 14.9ms | Allocations: 7699)
Completed 200 OK in 16ms (Views: 15.6ms | Allocations: 8104)


Started GET "/" for 127.0.0.1 at 2021-05-29 20:54:29 +0900
Processing by MainController#index as HTML
  Rendering layout layouts/application.html.erb
  Rendering main/index.html.erb within layouts/application
  Rendered main/index.html.erb within layouts/application (Duration: 0.1ms | Allocations: 40)
[Webpacker] Everything's up-to-date. Nothing to do
  Rendered layout layouts/application.html.erb (Duration: 404.9ms | Allocations: 81687)
Completed 200 OK in 406ms (Views: 405.7ms | Allocations: 82092)


Started GET "/" for 127.0.0.1 at 2021-05-29 20:55:23 +0900
Processing by MainController#index as HTML
  Rendering layout layouts/application.html.erb
  Rendering main/index.html.erb within layouts/application
  Rendered main/index.html.erb within layouts/application (Duration: 0.1ms | Allocations: 40)
[Webpacker] Everything's up-to-date. Nothing to do
  Rendered layout layouts/application.html.erb (Duration: 377.4ms | Allocations: 81216)
Completed 200 OK in 379ms (Views: 378.0ms | Allocations: 81621)


Started GET "/" for 127.0.0.1 at 2021-05-29 20:56:17 +0900
Processing by MainController#index as HTML
  Rendering layout layouts/application.html.erb
  Rendering main/index.html.erb within layouts/application
  Rendered main/index.html.erb within layouts/application (Duration: 2.7ms | Allocations: 1628)
[Webpacker] Everything's up-to-date. Nothing to do
  Rendered layout layouts/application.html.erb (Duration: 23.4ms | Allocations: 9466)
Completed 200 OK in 27ms (Views: 25.8ms | Allocations: 10612)


Started GET "/" for 127.0.0.1 at 2021-05-29 20:56:19 +0900
Processing by MainController#index as HTML
  Rendering layout layouts/application.html.erb
  Rendering main/index.html.erb within layouts/application
  Rendered main/index.html.erb within layouts/application (Duration: 0.1ms | Allocations: 40)
[Webpacker] Everything's up-to-date. Nothing to do
  Rendered layout layouts/application.html.erb (Duration: 16.4ms | Allocations: 7699)
Completed 200 OK in 18ms (Views: 17.1ms | Allocations: 8105)


Started GET "/" for 127.0.0.1 at 2021-05-29 20:56:32 +0900
Processing by MainController#index as HTML
  Rendering layout layouts/application.html.erb
  Rendering main/index.html.erb within layouts/application
  Rendered main/index.html.erb within layouts/application (Duration: 0.1ms | Allocations: 40)
[Webpacker] Everything's up-to-date. Nothing to do
  Rendered layout layouts/application.html.erb (Duration: 432.4ms | Allocations: 81589)
Completed 200 OK in 434ms (Views: 433.0ms | Allocations: 81994)


Started GET "/" for 127.0.0.1 at 2021-05-29 20:56:36 +0900
Processing by MainController#index as HTML
  Rendering layout layouts/application.html.erb
  Rendering main/index.html.erb within layouts/application
  Rendered main/index.html.erb within layouts/application (Duration: 0.1ms | Allocations: 40)
[Webpacker] Everything's up-to-date. Nothing to do
  Rendered layout layouts/application.html.erb (Duration: 376.7ms | Allocations: 82528)
Completed 200 OK in 378ms (Views: 377.3ms | Allocations: 82933)


Started GET "/" for 127.0.0.1 at 2021-05-29 20:57:29 +0900
Processing by MainController#index as HTML
  Rendering layout layouts/application.html.erb
  Rendering main/index.html.erb within layouts/application
  Rendered main/index.html.erb within layouts/application (Duration: 2.6ms | Allocations: 1626)
[Webpacker] Everything's up-to-date. Nothing to do
  Rendered layout layouts/application.html.erb (Duration: 402.3ms | Allocations: 82987)
Completed 200 OK in 406ms (Views: 404.5ms | Allocations: 84132)


Started GET "/" for 127.0.0.1 at 2021-05-29 20:59:01 +0900
Processing by MainController#index as HTML
  Rendering layout layouts/application.html.erb
  Rendering main/index.html.erb within layouts/application
  Rendered main/index.html.erb within layouts/application (Duration: 2.5ms | Allocations: 1629)
[Webpacker] Everything's up-to-date. Nothing to do
  Rendered layout layouts/application.html.erb (Duration: 18.3ms | Allocations: 9466)
Completed 200 OK in 22ms (Views: 20.6ms | Allocations: 10611)


Started GET "/" for 127.0.0.1 at 2021-05-29 20:59:02 +0900
Processing by MainController#index as HTML
  Rendering layout layouts/application.html.erb
  Rendering main/index.html.erb within layouts/application
  Rendered main/index.html.erb within layouts/application (Duration: 0.1ms | Allocations: 40)
[Webpacker] Everything's up-to-date. Nothing to do
  Rendered layout layouts/application.html.erb (Duration: 14.5ms | Allocations: 7699)
Completed 200 OK in 16ms (Views: 15.3ms | Allocations: 8105)


Started GET "/" for 127.0.0.1 at 2021-05-29 20:59:18 +0900
Processing by MainController#index as HTML
  Rendering layout layouts/application.html.erb
  Rendering main/index.html.erb within layouts/application
  Rendered main/index.html.erb within layouts/application (Duration: 2.6ms | Allocations: 1621)
[Webpacker] Everything's up-to-date. Nothing to do
  Rendered layout layouts/application.html.erb (Duration: 17.6ms | Allocations: 9458)
Completed 200 OK in 21ms (Views: 20.0ms | Allocations: 10599)


Started GET "/" for 127.0.0.1 at 2021-05-29 21:02:02 +0900
Processing by MainController#index as HTML
  Rendering layout layouts/application.html.erb
  Rendering main/index.html.erb within layouts/application
  Rendered main/index.html.erb within layouts/application (Duration: 0.1ms | Allocations: 40)
[Webpacker] Everything's up-to-date. Nothing to do
  Rendered layout layouts/application.html.erb (Duration: 380.8ms | Allocations: 81718)
Completed 200 OK in 382ms (Views: 381.5ms | Allocations: 82124)


Started GET "/" for 127.0.0.1 at 2021-05-29 21:02:04 +0900
Processing by MainController#index as HTML
  Rendering layout layouts/application.html.erb
  Rendering main/index.html.erb within layouts/application
  Rendered main/index.html.erb within layouts/application (Duration: 0.1ms | Allocations: 40)
[Webpacker] Everything's up-to-date. Nothing to do
  Rendered layout layouts/application.html.erb (Duration: 15.0ms | Allocations: 7699)
Completed 200 OK in 16ms (Views: 15.7ms | Allocations: 8104)


Started GET "/" for 127.0.0.1 at 2021-05-29 21:02:15 +0900
Processing by MainController#index as HTML
  Rendering layout layouts/application.html.erb
  Rendering main/index.html.erb within layouts/application
  Rendered main/index.html.erb within layouts/application (Duration: 0.1ms | Allocations: 40)
[Webpacker] Everything's up-to-date. Nothing to do
  Rendered layout layouts/application.html.erb (Duration: 400.1ms | Allocations: 81666)
Completed 200 OK in 401ms (Views: 400.6ms | Allocations: 82071)


Started GET "/" for 127.0.0.1 at 2021-05-29 21:02:44 +0900
Processing by MainController#index as HTML
  Rendering layout layouts/application.html.erb
  Rendering main/index.html.erb within layouts/application
  Rendered main/index.html.erb within layouts/application (Duration: 0.1ms | Allocations: 40)
[Webpacker] Everything's up-to-date. Nothing to do
  Rendered layout layouts/application.html.erb (Duration: 396.4ms | Allocations: 80742)
Completed 200 OK in 398ms (Views: 397.1ms | Allocations: 81147)


Started GET "/" for 127.0.0.1 at 2021-05-29 21:02:59 +0900
Processing by MainController#index as HTML
  Rendering layout layouts/application.html.erb
  Rendering main/index.html.erb within layouts/application
  Rendered main/index.html.erb within layouts/application (Duration: 0.1ms | Allocations: 40)
[Webpacker] Everything's up-to-date. Nothing to do
  Rendered layout layouts/application.html.erb (Duration: 380.7ms | Allocations: 82112)
Completed 200 OK in 382ms (Views: 381.3ms | Allocations: 82517)


Started GET "/" for 127.0.0.1 at 2021-05-29 21:03:30 +0900
Processing by MainController#index as HTML
  Rendering layout layouts/application.html.erb
  Rendering main/index.html.erb within layouts/application
  Rendered main/index.html.erb within layouts/application (Duration: 0.1ms | Allocations: 40)
[Webpacker] Everything's up-to-date. Nothing to do
  Rendered layout layouts/application.html.erb (Duration: 34.6ms | Allocations: 7699)
Completed 200 OK in 36ms (Views: 35.2ms | Allocations: 8105)


Started GET "/" for 127.0.0.1 at 2021-05-29 21:03:31 +0900
Processing by MainController#index as HTML
  Rendering layout layouts/application.html.erb
  Rendering main/index.html.erb within layouts/application
  Rendered main/index.html.erb within layouts/application (Duration: 0.2ms | Allocations: 40)
[Webpacker] Everything's up-to-date. Nothing to do
  Rendered layout layouts/application.html.erb (Duration: 15.2ms | Allocations: 7699)
Completed 200 OK in 17ms (Views: 15.9ms | Allocations: 8104)


Started GET "/" for 127.0.0.1 at 2021-05-29 21:03:34 +0900
Processing by MainController#index as HTML
  Rendering layout layouts/application.html.erb
  Rendering main/index.html.erb within layouts/application
  Rendered main/index.html.erb within layouts/application (Duration: 0.1ms | Allocations: 40)
[Webpacker] Everything's up-to-date. Nothing to do
  Rendered layout layouts/application.html.erb (Duration: 424.2ms | Allocations: 82603)
Completed 200 OK in 425ms (Views: 424.8ms | Allocations: 83008)


Started GET "/" for 127.0.0.1 at 2021-05-29 21:09:46 +0900
Processing by MainController#index as HTML
  Rendering layout layouts/application.html.erb
  Rendering main/index.html.erb within layouts/application
  Rendered main/index.html.erb within layouts/application (Duration: 2.4ms | Allocations: 1544)
[Webpacker] Everything's up-to-date. Nothing to do
  Rendered layout layouts/application.html.erb (Duration: 17.5ms | Allocations: 9382)
Completed 200 OK in 70ms (Views: 68.1ms | Allocations: 10528)


Started GET "/" for 127.0.0.1 at 2021-05-29 21:10:39 +0900
Processing by MainController#index as HTML
  Rendering layout layouts/application.html.erb
  Rendering main/index.html.erb within layouts/application
  Rendered main/index.html.erb within layouts/application (Duration: 0.1ms | Allocations: 40)
[Webpacker] Everything's up-to-date. Nothing to do
  Rendered layout layouts/application.html.erb (Duration: 16.4ms | Allocations: 7699)
Completed 200 OK in 18ms (Views: 17.1ms | Allocations: 8105)


Started GET "/" for 127.0.0.1 at 2021-05-29 21:11:31 +0900
Processing by MainController#index as HTML
  Rendering layout layouts/application.html.erb
  Rendering main/index.html.erb within layouts/application
  Rendered main/index.html.erb within layouts/application (Duration: 0.1ms | Allocations: 40)
[Webpacker] Everything's up-to-date. Nothing to do
  Rendered layout layouts/application.html.erb (Duration: 379.9ms | Allocations: 82562)
Completed 200 OK in 381ms (Views: 380.5ms | Allocations: 82967)


Started GET "/" for 127.0.0.1 at 2021-05-29 21:11:55 +0900
Processing by MainController#index as HTML
  Rendering layout layouts/application.html.erb
  Rendering main/index.html.erb within layouts/application
  Rendered main/index.html.erb within layouts/application (Duration: 0.1ms | Allocations: 40)
[Webpacker] Everything's up-to-date. Nothing to do
  Rendered layout layouts/application.html.erb (Duration: 379.5ms | Allocations: 81712)
Completed 200 OK in 381ms (Views: 380.1ms | Allocations: 82117)


Started GET "/" for 127.0.0.1 at 2021-05-29 21:11:56 +0900
Processing by MainController#index as HTML
  Rendering layout layouts/application.html.erb
  Rendering main/index.html.erb within layouts/application
  Rendered main/index.html.erb within layouts/application (Duration: 0.1ms | Allocations: 40)
[Webpacker] Everything's up-to-date. Nothing to do
  Rendered layout layouts/application.html.erb (Duration: 14.8ms | Allocations: 7699)
Completed 200 OK in 16ms (Views: 15.6ms | Allocations: 8104)


Started GET "/" for 127.0.0.1 at 2021-05-29 21:12:06 +0900
Processing by MainController#index as HTML
  Rendering layout layouts/application.html.erb
  Rendering main/index.html.erb within layouts/application
  Rendered main/index.html.erb within layouts/application (Duration: 0.1ms | Allocations: 40)
[Webpacker] Everything's up-to-date. Nothing to do
  Rendered layout layouts/application.html.erb (Duration: 397.6ms | Allocations: 82092)
Completed 200 OK in 399ms (Views: 398.2ms | Allocations: 82497)


Started GET "/" for 127.0.0.1 at 2021-05-29 21:13:14 +0900
Processing by MainController#index as HTML
  Rendering layout layouts/application.html.erb
  Rendering main/index.html.erb within layouts/application
  Rendered main/index.html.erb within layouts/application (Duration: 0.1ms | Allocations: 40)
[Webpacker] Everything's up-to-date. Nothing to do
  Rendered layout layouts/application.html.erb (Duration: 398.6ms | Allocations: 83426)
Completed 200 OK in 400ms (Views: 399.2ms | Allocations: 83831)


Started GET "/" for 127.0.0.1 at 2021-05-29 21:13:17 +0900
Processing by MainController#index as HTML
  Rendering layout layouts/application.html.erb
  Rendering main/index.html.erb within layouts/application
  Rendered main/index.html.erb within layouts/application (Duration: 0.1ms | Allocations: 40)
[Webpacker] Everything's up-to-date. Nothing to do
  Rendered layout layouts/application.html.erb (Duration: 14.1ms | Allocations: 7699)
Completed 200 OK in 15ms (Views: 14.7ms | Allocations: 8104)


Started GET "/" for 127.0.0.1 at 2021-05-29 21:14:36 +0900
Processing by MainController#index as HTML
  Rendering layout layouts/application.html.erb
  Rendering main/index.html.erb within layouts/application
  Rendered main/index.html.erb within layouts/application (Duration: 2.3ms | Allocations: 1548)
[Webpacker] Everything's up-to-date. Nothing to do
  Rendered layout layouts/application.html.erb (Duration: 18.4ms | Allocations: 9385)
Completed 200 OK in 22ms (Views: 20.7ms | Allocations: 10531)


Started GET "/" for 127.0.0.1 at 2021-05-29 21:14:37 +0900
Processing by MainController#index as HTML
  Rendering layout layouts/application.html.erb
  Rendering main/index.html.erb within layouts/application
  Rendered main/index.html.erb within layouts/application (Duration: 0.1ms | Allocations: 40)
[Webpacker] Everything's up-to-date. Nothing to do
  Rendered layout layouts/application.html.erb (Duration: 14.5ms | Allocations: 7699)
Completed 200 OK in 16ms (Views: 15.1ms | Allocations: 8105)


Started GET "/" for 127.0.0.1 at 2021-05-29 21:14:38 +0900
Processing by MainController#index as HTML
  Rendering layout layouts/application.html.erb
  Rendering main/index.html.erb within layouts/application
  Rendered main/index.html.erb within layouts/application (Duration: 0.1ms | Allocations: 40)
[Webpacker] Everything's up-to-date. Nothing to do
  Rendered layout layouts/application.html.erb (Duration: 14.5ms | Allocations: 7699)
Completed 200 OK in 16ms (Views: 15.1ms | Allocations: 8104)


Started GET "/" for 127.0.0.1 at 2021-05-29 21:14:38 +0900
Processing by MainController#index as HTML
  Rendering layout layouts/application.html.erb
  Rendering main/index.html.erb within layouts/application
  Rendered main/index.html.erb within layouts/application (Duration: 0.1ms | Allocations: 40)
[Webpacker] Everything's up-to-date. Nothing to do
  Rendered layout layouts/application.html.erb (Duration: 14.2ms | Allocations: 7699)
Completed 200 OK in 15ms (Views: 14.9ms | Allocations: 8104)


Started GET "/" for 127.0.0.1 at 2021-05-29 21:14:38 +0900
Processing by MainController#index as HTML
  Rendering layout layouts/application.html.erb
  Rendering main/index.html.erb within layouts/application
  Rendered main/index.html.erb within layouts/application (Duration: 0.1ms | Allocations: 40)
[Webpacker] Everything's up-to-date. Nothing to do
  Rendered layout layouts/application.html.erb (Duration: 14.8ms | Allocations: 7700)
Completed 200 OK in 16ms (Views: 15.5ms | Allocations: 8106)


Started GET "/" for 127.0.0.1 at 2021-05-29 21:14:49 +0900
Processing by MainController#index as HTML
  Rendering layout layouts/application.html.erb
  Rendering main/index.html.erb within layouts/application
  Rendered main/index.html.erb within layouts/application (Duration: 2.2ms | Allocations: 1547)
[Webpacker] Everything's up-to-date. Nothing to do
  Rendered layout layouts/application.html.erb (Duration: 16.4ms | Allocations: 9384)
Completed 200 OK in 20ms (Views: 18.5ms | Allocations: 10529)


Started GET "/" for 127.0.0.1 at 2021-05-29 21:14:49 +0900
Processing by MainController#index as HTML
  Rendering layout layouts/application.html.erb
  Rendering main/index.html.erb within layouts/application
  Rendered main/index.html.erb within layouts/application (Duration: 0.2ms | Allocations: 40)
[Webpacker] Everything's up-to-date. Nothing to do
  Rendered layout layouts/application.html.erb (Duration: 14.3ms | Allocations: 7699)
Completed 200 OK in 16ms (Views: 15.0ms | Allocations: 8105)


Started GET "/" for 127.0.0.1 at 2021-05-29 21:15:10 +0900
Processing by MainController#index as HTML
  Rendering layout layouts/application.html.erb
  Rendering main/index.html.erb within layouts/application
  Rendered main/index.html.erb within layouts/application (Duration: 2.2ms | Allocations: 1543)
[Webpacker] Everything's up-to-date. Nothing to do
  Rendered layout layouts/application.html.erb (Duration: 16.8ms | Allocations: 9380)
Completed 200 OK in 20ms (Views: 18.9ms | Allocations: 10520)


Started GET "/" for 127.0.0.1 at 2021-05-29 21:15:24 +0900
Processing by MainController#index as HTML
  Rendering layout layouts/application.html.erb
  Rendering main/index.html.erb within layouts/application
  Rendered main/index.html.erb within layouts/application (Duration: 2.2ms | Allocations: 1549)
[Webpacker] Everything's up-to-date. Nothing to do
  Rendered layout layouts/application.html.erb (Duration: 16.8ms | Allocations: 9386)
Completed 200 OK in 20ms (Views: 18.8ms | Allocations: 10526)


Started GET "/" for 127.0.0.1 at 2021-05-29 21:16:13 +0900
Processing by MainController#index as HTML
  Rendering layout layouts/application.html.erb
  Rendering main/index.html.erb within layouts/application
  Rendered main/index.html.erb within layouts/application (Duration: 2.5ms | Allocations: 1571)
[Webpacker] Everything's up-to-date. Nothing to do
  Rendered layout layouts/application.html.erb (Duration: 17.7ms | Allocations: 9408)
Completed 200 OK in 21ms (Views: 19.8ms | Allocations: 10548)


Started GET "/" for 127.0.0.1 at 2021-05-29 21:17:15 +0900
Processing by MainController#index as HTML
  Rendering layout layouts/application.html.erb
  Rendering main/index.html.erb within layouts/application
  Rendered main/index.html.erb within layouts/application (Duration: 2.4ms | Allocations: 1591)
[Webpacker] Everything's up-to-date. Nothing to do
  Rendered layout layouts/application.html.erb (Duration: 18.0ms | Allocations: 9429)
Completed 200 OK in 22ms (Views: 20.2ms | Allocations: 10575)


Started GET "/" for 127.0.0.1 at 2021-05-29 21:17:50 +0900
Processing by MainController#index as HTML
  Rendering layout layouts/application.html.erb
  Rendering main/index.html.erb within layouts/application
  Rendered main/index.html.erb within layouts/application (Duration: 2.3ms | Allocations: 1592)
[Webpacker] Everything's up-to-date. Nothing to do
  Rendered layout layouts/application.html.erb (Duration: 17.1ms | Allocations: 9429)
Completed 200 OK in 21ms (Views: 19.3ms | Allocations: 10569)


Started GET "/" for 127.0.0.1 at 2021-05-29 21:18:22 +0900
Processing by MainController#index as HTML
  Rendering layout layouts/application.html.erb
  Rendering main/index.html.erb within layouts/application
  Rendered main/index.html.erb within layouts/application (Duration: 2.3ms | Allocations: 1592)
[Webpacker] Everything's up-to-date. Nothing to do
  Rendered layout layouts/application.html.erb (Duration: 17.0ms | Allocations: 9429)
Completed 200 OK in 21ms (Views: 19.6ms | Allocations: 10569)


Started GET "/" for 127.0.0.1 at 2021-05-29 21:18:30 +0900
Processing by MainController#index as HTML
  Rendering layout layouts/application.html.erb
  Rendering main/index.html.erb within layouts/application
  Rendered main/index.html.erb within layouts/application (Duration: 2.3ms | Allocations: 1592)
[Webpacker] Everything's up-to-date. Nothing to do
  Rendered layout layouts/application.html.erb (Duration: 16.8ms | Allocations: 9429)
Completed 200 OK in 20ms (Views: 18.9ms | Allocations: 10569)


Started GET "/" for 127.0.0.1 at 2021-05-29 21:18:40 +0900
Processing by MainController#index as HTML
  Rendering layout layouts/application.html.erb
  Rendering main/index.html.erb within layouts/application
  Rendered main/index.html.erb within layouts/application (Duration: 2.7ms | Allocations: 1592)
[Webpacker] Everything's up-to-date. Nothing to do
  Rendered layout layouts/application.html.erb (Duration: 18.4ms | Allocations: 9429)
Completed 200 OK in 22ms (Views: 20.5ms | Allocations: 10569)


Started GET "/" for 127.0.0.1 at 2021-05-29 21:19:26 +0900
Processing by MainController#index as HTML
  Rendering layout layouts/application.html.erb
  Rendering main/index.html.erb within layouts/application
  Rendered main/index.html.erb within layouts/application (Duration: 2.5ms | Allocations: 1592)
[Webpacker] Everything's up-to-date. Nothing to do
  Rendered layout layouts/application.html.erb (Duration: 37.4ms | Allocations: 9430)
Completed 200 OK in 41ms (Views: 39.5ms | Allocations: 10571)


Started GET "/" for 127.0.0.1 at 2021-05-29 21:19:36 +0900
Processing by MainController#index as HTML
  Rendering layout layouts/application.html.erb
  Rendering main/index.html.erb within layouts/application
  Rendered main/index.html.erb within layouts/application (Duration: 2.4ms | Allocations: 1594)
[Webpacker] Everything's up-to-date. Nothing to do
  Rendered layout layouts/application.html.erb (Duration: 17.6ms | Allocations: 9431)
Completed 200 OK in 21ms (Views: 19.8ms | Allocations: 10576)


Started GET "/" for 127.0.0.1 at 2021-05-29 21:19:58 +0900
Processing by MainController#index as HTML
  Rendering layout layouts/application.html.erb
  Rendering main/index.html.erb within layouts/application
  Rendered main/index.html.erb within layouts/application (Duration: 2.5ms | Allocations: 1589)
[Webpacker] Everything's up-to-date. Nothing to do
  Rendered layout layouts/application.html.erb (Duration: 17.6ms | Allocations: 9426)
Completed 200 OK in 21ms (Views: 19.8ms | Allocations: 10566)


Started GET "/" for 127.0.0.1 at 2021-05-29 21:20:24 +0900
Processing by MainController#index as HTML
  Rendering layout layouts/application.html.erb
  Rendering main/index.html.erb within layouts/application
  Rendered main/index.html.erb within layouts/application (Duration: 2.4ms | Allocations: 1590)
[Webpacker] Everything's up-to-date. Nothing to do
  Rendered layout layouts/application.html.erb (Duration: 17.1ms | Allocations: 9427)
Completed 200 OK in 21ms (Views: 19.4ms | Allocations: 10567)


Started GET "/" for 127.0.0.1 at 2021-05-29 21:20:49 +0900
Processing by MainController#index as HTML
  Rendering layout layouts/application.html.erb
  Rendering main/index.html.erb within layouts/application
  Rendered main/index.html.erb within layouts/application (Duration: 2.5ms | Allocations: 1589)
[Webpacker] Everything's up-to-date. Nothing to do
  Rendered layout layouts/application.html.erb (Duration: 17.7ms | Allocations: 9426)
Completed 200 OK in 21ms (Views: 19.9ms | Allocations: 10566)


Started GET "/" for 127.0.0.1 at 2021-05-29 21:20:49 +0900
Processing by MainController#index as HTML
  Rendering layout layouts/application.html.erb
  Rendering main/index.html.erb within layouts/application
  Rendered main/index.html.erb within layouts/application (Duration: 0.1ms | Allocations: 40)
[Webpacker] Everything's up-to-date. Nothing to do
  Rendered layout layouts/application.html.erb (Duration: 14.2ms | Allocations: 7699)
Completed 200 OK in 16ms (Views: 15.3ms | Allocations: 8105)


Started GET "/" for 127.0.0.1 at 2021-05-29 21:20:49 +0900
Processing by MainController#index as HTML
  Rendering layout layouts/application.html.erb
  Rendering main/index.html.erb within layouts/application
  Rendered main/index.html.erb within layouts/application (Duration: 0.1ms | Allocations: 40)
[Webpacker] Everything's up-to-date. Nothing to do
  Rendered layout layouts/application.html.erb (Duration: 34.0ms | Allocations: 7703)
Completed 200 OK in 35ms (Views: 34.7ms | Allocations: 8109)


Started GET "/" for 127.0.0.1 at 2021-05-29 21:20:58 +0900
Processing by MainController#index as HTML
  Rendering layout layouts/application.html.erb
  Rendering main/index.html.erb within layouts/application
  Rendered main/index.html.erb within layouts/application (Duration: 2.3ms | Allocations: 1595)
[Webpacker] Everything's up-to-date. Nothing to do
  Rendered layout layouts/application.html.erb (Duration: 17.2ms | Allocations: 9432)
Completed 200 OK in 20ms (Views: 19.2ms | Allocations: 10577)


Started GET "/" for 127.0.0.1 at 2021-05-29 21:21:30 +0900
Processing by MainController#index as HTML
  Rendering layout layouts/application.html.erb
  Rendering main/index.html.erb within layouts/application
  Rendered main/index.html.erb within layouts/application (Duration: 0.1ms | Allocations: 40)
[Webpacker] Everything's up-to-date. Nothing to do
  Rendered layout layouts/application.html.erb (Duration: 15.0ms | Allocations: 7699)
Completed 200 OK in 16ms (Views: 15.7ms | Allocations: 8105)


Started GET "/" for 127.0.0.1 at 2021-05-29 21:31:21 +0900
  [1m[35m (1.1ms)[0m  [1m[34mSELECT sqlite_version(*)[0m
Processing by MainController#index as HTML
  Rendering layout layouts/application.html.erb
  Rendering main/index.html.erb within layouts/application
  Rendered main/index.html.erb within layouts/application (Duration: 5.8ms | Allocations: 1733)
[Webpacker] Everything's up-to-date. Nothing to do
  Rendered layout layouts/application.html.erb (Duration: 143.9ms | Allocations: 27232)
Completed 200 OK in 164ms (Views: 149.2ms | ActiveRecord: 0.0ms | Allocations: 30276)


Started GET "/" for 127.0.0.1 at 2021-05-29 21:47:14 +0900
  [1m[35m (0.6ms)[0m  [1m[34mSELECT sqlite_version(*)[0m
Processing by MainController#index as HTML
  Rendering layout layouts/application.html.erb
  Rendering main/index.html.erb within layouts/application
  Rendered main/index.html.erb within layouts/application (Duration: 3.1ms | Allocations: 1715)
[Webpacker] Everything's up-to-date. Nothing to do
  Rendered layout layouts/application.html.erb (Duration: 59.3ms | Allocations: 18813)
Completed 200 OK in 77ms (Views: 62.8ms | ActiveRecord: 0.0ms | Allocations: 21590)


Started GET "/" for 127.0.0.1 at 2021-05-29 22:04:10 +0900
  [1m[35m (1.0ms)[0m  [1m[34mSELECT sqlite_version(*)[0m
Processing by MainController#index as HTML
  Rendering layout layouts/application.html.erb
  Rendering main/index.html.erb within layouts/application
  Rendered main/index.html.erb within layouts/application (Duration: 3.7ms | Allocations: 1715)
[Webpacker] Everything's up-to-date. Nothing to do
  Rendered layout layouts/application.html.erb (Duration: 637.4ms | Allocations: 101330)
Completed 200 OK in 658ms (Views: 643.5ms | ActiveRecord: 0.0ms | Allocations: 104481)


Started GET "/" for 127.0.0.1 at 2021-05-29 22:10:36 +0900
  [1m[35m (0.5ms)[0m  [1m[34mSELECT sqlite_version(*)[0m
Processing by MainController#index as HTML
  Rendering layout layouts/application.html.erb
  Rendering main/index.html.erb within layouts/application
  Rendered main/index.html.erb within layouts/application (Duration: 3.7ms | Allocations: 1715)
[Webpacker] Everything's up-to-date. Nothing to do
  Rendered layout layouts/application.html.erb (Duration: 45.2ms | Allocations: 19051)
Completed 200 OK in 65ms (Views: 51.2ms | ActiveRecord: 0.0ms | Allocations: 22192)


